Using pre-set license
Built from '2022.3/staging' branch; Version is '2022.3.30f1 (70558241b701) revision 7361922'; Using compiler version '192829333'; Build Type 'Release'
OS: 'Windows 10  (10.0.19045) 64bit Education' Language: 'ko' Physical Memory: 16297 MB
BatchMode: 1, IsHumanControllingUs: 0, StartBugReporterOnCrash: 0, Is64bit: 1, IsPro: 1

COMMAND LINE ARGUMENTS:
C:\Program Files\Unity\Hub\Editor\2022.3.30f1\Editor\Unity.exe
-adb2
-batchMode
-noUpm
-name
AssetImportWorker0
-projectPath
C:/Users/Administrator/Desktop/Photon-Network/Game
-logFile
Logs/AssetImportWorker0.log
-srvPort
50400
Successfully changed project path to: C:/Users/Administrator/Desktop/Photon-Network/Game
C:/Users/Administrator/Desktop/Photon-Network/Game
[UnityMemory] Configuration Parameters - Can be set up in boot.config
    "memorysetup-bucket-allocator-granularity=16"
    "memorysetup-bucket-allocator-bucket-count=8"
    "memorysetup-bucket-allocator-block-size=33554432"
    "memorysetup-bucket-allocator-block-count=8"
    "memorysetup-main-allocator-block-size=16777216"
    "memorysetup-thread-allocator-block-size=16777216"
    "memorysetup-gfx-main-allocator-block-size=16777216"
    "memorysetup-gfx-thread-allocator-block-size=16777216"
    "memorysetup-cache-allocator-block-size=4194304"
    "memorysetup-typetree-allocator-block-size=2097152"
    "memorysetup-profiler-bucket-allocator-granularity=16"
    "memorysetup-profiler-bucket-allocator-bucket-count=8"
    "memorysetup-profiler-bucket-allocator-block-size=33554432"
    "memorysetup-profiler-bucket-allocator-block-count=8"
    "memorysetup-profiler-allocator-block-size=16777216"
    "memorysetup-profiler-editor-allocator-block-size=1048576"
    "memorysetup-temp-allocator-size-main=16777216"
    "memorysetup-job-temp-allocator-block-size=2097152"
    "memorysetup-job-temp-allocator-block-size-background=1048576"
    "memorysetup-job-temp-allocator-reduction-small-platforms=262144"
    "memorysetup-allocator-temp-initial-block-size-main=262144"
    "memorysetup-allocator-temp-initial-block-size-worker=262144"
    "memorysetup-temp-allocator-size-background-worker=32768"
    "memorysetup-temp-allocator-size-job-worker=262144"
    "memorysetup-temp-allocator-size-preload-manager=33554432"
    "memorysetup-temp-allocator-size-nav-mesh-worker=65536"
    "memorysetup-temp-allocator-size-audio-worker=65536"
    "memorysetup-temp-allocator-size-cloud-worker=32768"
    "memorysetup-temp-allocator-size-gi-baking-worker=262144"
    "memorysetup-temp-allocator-size-gfx=262144"
Player connection [15496] Host "[IP] 192.168.0.62 [Port] 0 [Flags] 2 [Guid] 2667496233 [EditorId] 2667496233 [Version] 1048832 [Id] WindowsEditor(7,I-06) [Debug] 1 [PackageName] WindowsEditor [ProjectName] Editor" joined multi-casting on [225.0.0.222:54997]...

Player connection [15496] Host "[IP] 192.168.0.62 [Port] 0 [Flags] 2 [Guid] 2667496233 [EditorId] 2667496233 [Version] 1048832 [Id] WindowsEditor(7,I-06) [Debug] 1 [PackageName] WindowsEditor [ProjectName] Editor" joined alternative multi-casting on [225.0.0.222:34997]...

[Physics::Module] Initialized MultithreadedJobDispatcher with 15 workers.
Refreshing native plugins compatible for Editor in 11.49 ms, found 3 plugins.
Preloading 0 native plugins for Editor in 0.00 ms.
Initialize engine version: 2022.3.30f1 (70558241b701)
[Subsystems] Discovering subsystems at path C:/Program Files/Unity/Hub/Editor/2022.3.30f1/Editor/Data/Resources/UnitySubsystems
[Subsystems] Discovering subsystems at path C:/Users/Administrator/Desktop/Photon-Network/Game/Assets
GfxDevice: creating device client; threaded=0; jobified=0
Direct3D:
    Version:  Direct3D 11.0 [level 11.1]
    Renderer: NVIDIA GeForce GTX 1660 (ID=0x2184)
    Vendor:   NVIDIA
    VRAM:     5980 MB
    Driver:   31.0.15.3623
Initialize mono
Mono path[0] = 'C:/Program Files/Unity/Hub/Editor/2022.3.30f1/Editor/Data/Managed'
Mono path[1] = 'C:/Program Files/Unity/Hub/Editor/2022.3.30f1/Editor/Data/MonoBleedingEdge/lib/mono/unityjit-win32'
Mono config path = 'C:/Program Files/Unity/Hub/Editor/2022.3.30f1/Editor/Data/MonoBleedingEdge/etc'
Using monoOptions --debugger-agent=transport=dt_socket,embedding=1,server=y,suspend=n,address=127.0.0.1:56740
Begin MonoManager ReloadAssembly
Registering precompiled unity dll's ...
Register platform support module: C:/Program Files/Unity/Hub/Editor/2022.3.30f1/Editor/Data/PlaybackEngines/WindowsStandaloneSupport/UnityEditor.WindowsStandalone.Extensions.dll
Register platform support module: C:/Program Files/Unity/Hub/Editor/2022.3.30f1/Editor/Data/PlaybackEngines/MetroSupport/UnityEditor.UWP.Extensions.dll
Registered in 0.006106 seconds.
- Loaded All Assemblies, in  0.332 seconds
Native extension for UWP target not found
Native extension for WindowsStandalone target not found
Mono: successfully reloaded assembly
- Finished resetting the current domain, in  0.249 seconds
Domain Reload Profiling: 581ms
	BeginReloadAssembly (110ms)
		ExecutionOrderSort (0ms)
		DisableScriptedObjects (0ms)
		BackupInstance (0ms)
		ReleaseScriptingObjects (0ms)
		CreateAndSetChildDomain (1ms)
	RebuildCommonClasses (35ms)
	RebuildNativeTypeToScriptingClass (10ms)
	initialDomainReloadingComplete (49ms)
	LoadAllAssembliesAndSetupDomain (128ms)
		LoadAssemblies (109ms)
		RebuildTransferFunctionScriptingTraits (0ms)
		AnalyzeDomain (126ms)
			TypeCache.Refresh (124ms)
				TypeCache.ScanAssembly (111ms)
			ScanForSourceGeneratedMonoScriptInfo (0ms)
			ResolveRequiredComponents (0ms)
	FinalizeReload (249ms)
		ReleaseScriptCaches (0ms)
		RebuildScriptCaches (0ms)
		SetupLoadedEditorAssemblies (197ms)
			LogAssemblyErrors (0ms)
			InitializePlatformSupportModulesInManaged (8ms)
			SetLoadedEditorAssemblies (5ms)
			RefreshPlugins (0ms)
			BeforeProcessingInitializeOnLoad (2ms)
			ProcessInitializeOnLoadAttributes (135ms)
			ProcessInitializeOnLoadMethodAttributes (48ms)
			AfterProcessingInitializeOnLoad (0ms)
			EditorAssembliesLoaded (0ms)
		ExecutionOrderSort2 (0ms)
		AwakeInstancesAfterBackupRestoration (0ms)
========================================================================
Worker process is ready to serve import requests
Begin MonoManager ReloadAssembly
- Loaded All Assemblies, in  0.667 seconds
Refreshing native plugins compatible for Editor in 3.92 ms, found 3 plugins.
Native extension for UWP target not found
Native extension for WindowsStandalone target not found
Package Manager log level set to [2]
[Package Manager] Server::EnsureServerProcessIsRunning -- launch failed, reason: Unity was launched with the -noUpm command-line argument
[Package Manager] UpmClient::Send -- Unable to send message (not connected to UPM process).
[Package Manager] Cannot connect to Unity Package Manager local server
Mono: successfully reloaded assembly
- Finished resetting the current domain, in  0.784 seconds
Domain Reload Profiling: 1450ms
	BeginReloadAssembly (146ms)
		ExecutionOrderSort (0ms)
		DisableScriptedObjects (5ms)
		BackupInstance (0ms)
		ReleaseScriptingObjects (0ms)
		CreateAndSetChildDomain (18ms)
	RebuildCommonClasses (29ms)
	RebuildNativeTypeToScriptingClass (10ms)
	initialDomainReloadingComplete (35ms)
	LoadAllAssembliesAndSetupDomain (447ms)
		LoadAssemblies (301ms)
		RebuildTransferFunctionScriptingTraits (0ms)
		AnalyzeDomain (239ms)
			TypeCache.Refresh (208ms)
				TypeCache.ScanAssembly (181ms)
			ScanForSourceGeneratedMonoScriptInfo (18ms)
			ResolveRequiredComponents (10ms)
	FinalizeReload (784ms)
		ReleaseScriptCaches (0ms)
		RebuildScriptCaches (0ms)
		SetupLoadedEditorAssemblies (636ms)
			LogAssemblyErrors (0ms)
			InitializePlatformSupportModulesInManaged (5ms)
			SetLoadedEditorAssemblies (4ms)
			RefreshPlugins (0ms)
			BeforeProcessingInitializeOnLoad (53ms)
			ProcessInitializeOnLoadAttributes (549ms)
			ProcessInitializeOnLoadMethodAttributes (21ms)
			AfterProcessingInitializeOnLoad (3ms)
			EditorAssembliesLoaded (0ms)
		ExecutionOrderSort2 (0ms)
		AwakeInstancesAfterBackupRestoration (11ms)
Launched and connected shader compiler UnityShaderCompiler.exe after 0.03 seconds
Refreshing native plugins compatible for Editor in 4.00 ms, found 3 plugins.
Preloading 0 native plugins for Editor in 0.00 ms.
Unloading 3459 Unused Serialized files (Serialized files now loaded: 0)
Unloading 49 unused Assets / (63.3 KB). Loaded Objects now: 3916.
Memory consumption went from 136.1 MB to 136.0 MB.
Total: 3.019100 ms (FindLiveObjects: 0.302400 ms CreateObjectMapping: 0.254500 ms MarkObjects: 2.348700 ms  DeleteObjects: 0.112600 ms)

AssetImportParameters requested are different than current active one (requested -> active):
  custom:container-demuxer-ogg: 62fdf1f143b41e24485cea50d1cbac27 -> 
  custom:video-decoder-ogg-theora: a1e56fd34408186e4bbccfd4996cb3dc -> 
  custom:framework-win-MediaFoundation: 216162199b28c13a410421893ffa2e32 -> 
  custom:CustomObjectIndexerAttribute: 9a22284fe3817be447336de3de66b15e -> 
  custom:container-demuxer-webm: 4f35f7cbe854078d1ac9338744f61a02 -> 
  custom:container-muxer-webm: aa71ff27fc2769a1b78a27578f13a17b -> 
  custom:video-decoder-webm-vp8: 9c59270c3fd7afecdb556c50c9e8de78 -> 
  custom:SearchIndexIgnoredProperties: e643bd26f0fe6173181afceb89e7c659 -> 
  custom:AudioImporter_EditorPlatform: d09bf68614088b80899f8185d706f6e7 -> 
  custom:video-encoder-webm-vp8: eb34c28f22e8b96e1ab97ce403110664 -> 
  custom:audio-decoder-ogg-vorbis: bf7c407c2cedff20999df2af8eb42d56 -> 
  custom:audio-encoder-webm-vorbis: bf7c407c2cedff20999df2af8eb42d56 -> 
========================================================================
Received Import Request.
  Time since last request: 661.779322 seconds.
  path: Assets/CrossHairs/Crosshairs/Art/Textures
  artifactKey: Guid(ff0be6beef160c74fa357da3c3371c46) Importer(815301076,1909f56bfc062723c751e8b465ee728b)
Start importing Assets/CrossHairs/Crosshairs/Art/Textures using Guid(ff0be6beef160c74fa357da3c3371c46) Importer(815301076,1909f56bfc062723c751e8b465ee728b)  -> (artifact id: 'e5c21f9364e458db84cf3275030133d9') in 0.034994 seconds
Number of updated asset objects reloaded before import = 0
Number of asset objects unloaded after import = 0
========================================================================
Received Import Request.
  Time since last request: 0.178773 seconds.
  path: Assets/CrossHairs/Crosshairs/Art/Textures/Crosshair_01.png
  artifactKey: Guid(56f433345b1faa64eb50cdb197d34f71) Importer(815301076,1909f56bfc062723c751e8b465ee728b)
Start importing Assets/CrossHairs/Crosshairs/Art/Textures/Crosshair_01.png using Guid(56f433345b1faa64eb50cdb197d34f71) Importer(815301076,1909f56bfc062723c751e8b465ee728b)  -> (artifact id: '29091bd3ffd9ed7678d5ffc174bf674a') in 0.052349 seconds
Number of updated asset objects reloaded before import = 0
Number of asset objects unloaded after import = 2
========================================================================
Received Import Request.
  Time since last request: 0.000026 seconds.
  path: Assets/CrossHairs/Crosshairs/Art/Textures/Crosshair_06.png
  artifactKey: Guid(b889ef0124f73fa4298de5e962dac98b) Importer(815301076,1909f56bfc062723c751e8b465ee728b)
Start importing Assets/CrossHairs/Crosshairs/Art/Textures/Crosshair_06.png using Guid(b889ef0124f73fa4298de5e962dac98b) Importer(815301076,1909f56bfc062723c751e8b465ee728b)  -> (artifact id: '18e03dd11f0b0130d3842850b2a7d799') in 0.014954 seconds
Number of updated asset objects reloaded before import = 0
Number of asset objects unloaded after import = 2
========================================================================
Received Import Request.
  Time since last request: 0.000026 seconds.
  path: Assets/CrossHairs/Crosshairs/Art/Textures/Crosshair_07.png
  artifactKey: Guid(c9eecbebc2f28f94488fbbf662912f1a) Importer(815301076,1909f56bfc062723c751e8b465ee728b)
Start importing Assets/CrossHairs/Crosshairs/Art/Textures/Crosshair_07.png using Guid(c9eecbebc2f28f94488fbbf662912f1a) Importer(815301076,1909f56bfc062723c751e8b465ee728b)  -> (artifact id: '79f0d47b38141c0d50664cdc13ac0bf1') in 0.011239 seconds
Number of updated asset objects reloaded before import = 0
Number of asset objects unloaded after import = 2
========================================================================
Received Import Request.
  Time since last request: 0.000017 seconds.
  path: Assets/CrossHairs/Crosshairs/Art/Textures/Crosshair_19.png
  artifactKey: Guid(1d78ea13ed0615c4996735add71cbd43) Importer(815301076,1909f56bfc062723c751e8b465ee728b)
Start importing Assets/CrossHairs/Crosshairs/Art/Textures/Crosshair_19.png using Guid(1d78ea13ed0615c4996735add71cbd43) Importer(815301076,1909f56bfc062723c751e8b465ee728b)  -> (artifact id: '5ec5f3c0aceb221262e4691f328f6934') in 0.011274 seconds
Number of updated asset objects reloaded before import = 0
Number of asset objects unloaded after import = 2
========================================================================
Received Import Request.
  Time since last request: 0.000016 seconds.
  path: Assets/CrossHairs/Crosshairs/Art/Textures/Crosshair_14.png
  artifactKey: Guid(1d1b964de9e4c50418b4d14cdf24d9ba) Importer(815301076,1909f56bfc062723c751e8b465ee728b)
Start importing Assets/CrossHairs/Crosshairs/Art/Textures/Crosshair_14.png using Guid(1d1b964de9e4c50418b4d14cdf24d9ba) Importer(815301076,1909f56bfc062723c751e8b465ee728b)  -> (artifact id: 'b089307c360c2eac057e9e7286b83568') in 0.018109 seconds
Number of updated asset objects reloaded before import = 0
Number of asset objects unloaded after import = 2
========================================================================
Received Import Request.
  Time since last request: 0.000023 seconds.
  path: Assets/CrossHairs/Crosshairs/Art/Textures/Crosshair_16.png
  artifactKey: Guid(743aae4b5553cb24eb7caf0bce1a4128) Importer(815301076,1909f56bfc062723c751e8b465ee728b)
Start importing Assets/CrossHairs/Crosshairs/Art/Textures/Crosshair_16.png using Guid(743aae4b5553cb24eb7caf0bce1a4128) Importer(815301076,1909f56bfc062723c751e8b465ee728b)  -> (artifact id: '0bb9ad43aab8f0b15338609939e5964a') in 0.011422 seconds
Number of updated asset objects reloaded before import = 0
Number of asset objects unloaded after import = 2
========================================================================
Received Import Request.
  Time since last request: 0.000016 seconds.
  path: Assets/CrossHairs/Crosshairs/Art/Textures/Crosshair_22.png
  artifactKey: Guid(56f8165bc8b0a98419e06f018a808c4c) Importer(815301076,1909f56bfc062723c751e8b465ee728b)
Start importing Assets/CrossHairs/Crosshairs/Art/Textures/Crosshair_22.png using Guid(56f8165bc8b0a98419e06f018a808c4c) Importer(815301076,1909f56bfc062723c751e8b465ee728b)  -> (artifact id: 'd80ebd1ffb20a8eea3541d61e19dab2e') in 0.011572 seconds
Number of updated asset objects reloaded before import = 0
Number of asset objects unloaded after import = 2
========================================================================
Received Import Request.
  Time since last request: 0.000016 seconds.
  path: Assets/CrossHairs/Crosshairs/Art/Textures/Crosshair_15.png
  artifactKey: Guid(3e60add3ecb1915459d46e3b3a0287f8) Importer(815301076,1909f56bfc062723c751e8b465ee728b)
Start importing Assets/CrossHairs/Crosshairs/Art/Textures/Crosshair_15.png using Guid(3e60add3ecb1915459d46e3b3a0287f8) Importer(815301076,1909f56bfc062723c751e8b465ee728b)  -> (artifact id: '91546c95a9e0b494ab331400b164d0d7') in 0.010771 seconds
Number of updated asset objects reloaded before import = 0
Number of asset objects unloaded after import = 2
========================================================================
Received Import Request.
  Time since last request: 0.000027 seconds.
  path: Assets/CrossHairs/Crosshairs/Art/Textures/Crosshair_05.png
  artifactKey: Guid(26ce86e7f4d6e82438811bd217defb85) Importer(815301076,1909f56bfc062723c751e8b465ee728b)
Start importing Assets/CrossHairs/Crosshairs/Art/Textures/Crosshair_05.png using Guid(26ce86e7f4d6e82438811bd217defb85) Importer(815301076,1909f56bfc062723c751e8b465ee728b)  -> (artifact id: 'ac0a52a7146480ef2e32156c1cc31d6a') in 0.011811 seconds
Number of updated asset objects reloaded before import = 0
Number of asset objects unloaded after import = 2
========================================================================
Received Import Request.
  Time since last request: 0.000042 seconds.
  path: Assets/CrossHairs/Crosshairs/Art/Textures/Crosshair_26.png
  artifactKey: Guid(552478a654d2eb8478c30045279d5688) Importer(815301076,1909f56bfc062723c751e8b465ee728b)
Start importing Assets/CrossHairs/Crosshairs/Art/Textures/Crosshair_26.png using Guid(552478a654d2eb8478c30045279d5688) Importer(815301076,1909f56bfc062723c751e8b465ee728b)  -> (artifact id: 'ffcac03d8e07ca8b7eea4dd42d47b28c') in 0.011459 seconds
Number of updated asset objects reloaded before import = 0
Number of asset objects unloaded after import = 2
========================================================================
Received Import Request.
  Time since last request: 0.000019 seconds.
  path: Assets/CrossHairs/Crosshairs/Art/Textures/Crosshair_17.png
  artifactKey: Guid(c186448c466fad9478c38ce9c2f7b71b) Importer(815301076,1909f56bfc062723c751e8b465ee728b)
Start importing Assets/CrossHairs/Crosshairs/Art/Textures/Crosshair_17.png using Guid(c186448c466fad9478c38ce9c2f7b71b) Importer(815301076,1909f56bfc062723c751e8b465ee728b)  -> (artifact id: 'ecd639036af92bb078c2149791d26c5a') in 0.010763 seconds
Number of updated asset objects reloaded before import = 0
Number of asset objects unloaded after import = 2
========================================================================
Received Import Request.
  Time since last request: 0.000017 seconds.
  path: Assets/CrossHairs/Crosshairs/Art/Textures/Crosshair_08.png
  artifactKey: Guid(6630dbfefd1c68a42971b0d02b77150e) Importer(815301076,1909f56bfc062723c751e8b465ee728b)
Start importing Assets/CrossHairs/Crosshairs/Art/Textures/Crosshair_08.png using Guid(6630dbfefd1c68a42971b0d02b77150e) Importer(815301076,1909f56bfc062723c751e8b465ee728b)  -> (artifact id: '202ceeb25689e3f7f889b4c6e53b4780') in 0.013911 seconds
Number of updated asset objects reloaded before import = 0
Number of asset objects unloaded after import = 2
========================================================================
Received Import Request.
  Time since last request: 0.000019 seconds.
  path: Assets/CrossHairs/Crosshairs/Art/Textures/Crosshair_25.png
  artifactKey: Guid(dcd5aae0341bd0642858735fe7fdc429) Importer(815301076,1909f56bfc062723c751e8b465ee728b)
Start importing Assets/CrossHairs/Crosshairs/Art/Textures/Crosshair_25.png using Guid(dcd5aae0341bd0642858735fe7fdc429) Importer(815301076,1909f56bfc062723c751e8b465ee728b)  -> (artifact id: '51707f40fad7bbc8403c54331bbafab8') in 0.010122 seconds
Number of updated asset objects reloaded before import = 0
Number of asset objects unloaded after import = 2
========================================================================
Received Import Request.
  Time since last request: 9.293752 seconds.
  path: Assets/CrossHairs/Crosshairs/Art/Textures/Crosshair_01.png
  artifactKey: Guid(56f433345b1faa64eb50cdb197d34f71) Importer(815301076,1909f56bfc062723c751e8b465ee728b)
Start importing Assets/CrossHairs/Crosshairs/Art/Textures/Crosshair_01.png using Guid(56f433345b1faa64eb50cdb197d34f71) Importer(815301076,1909f56bfc062723c751e8b465ee728b)  -> (artifact id: 'fffbca67f5d8fa556e1bd6b817f19a60') in 0.062785 seconds
Number of updated asset objects reloaded before import = 0
Number of asset objects unloaded after import = 3
========================================================================
Received Import Request.
  Time since last request: 0.000016 seconds.
  path: Assets/CrossHairs/Crosshairs/Art/Textures/Crosshair_11.png
  artifactKey: Guid(dc7eb94056b536a4a9f810db7b171332) Importer(815301076,1909f56bfc062723c751e8b465ee728b)
Start importing Assets/CrossHairs/Crosshairs/Art/Textures/Crosshair_11.png using Guid(dc7eb94056b536a4a9f810db7b171332) Importer(815301076,1909f56bfc062723c751e8b465ee728b)  -> (artifact id: '66f74de97ec34a59567765264077f531') in 0.017853 seconds
Number of updated asset objects reloaded before import = 0
Number of asset objects unloaded after import = 3
========================================================================
Received Import Request.
  Time since last request: 0.000031 seconds.
  path: Assets/CrossHairs/Crosshairs/Art/Textures/Crosshair_19.png
  artifactKey: Guid(1d78ea13ed0615c4996735add71cbd43) Importer(815301076,1909f56bfc062723c751e8b465ee728b)
Start importing Assets/CrossHairs/Crosshairs/Art/Textures/Crosshair_19.png using Guid(1d78ea13ed0615c4996735add71cbd43) Importer(815301076,1909f56bfc062723c751e8b465ee728b)  -> (artifact id: '9fa0c33c4911128fb18b9cfbd12f2ce3') in 0.035660 seconds
Number of updated asset objects reloaded before import = 0
Number of asset objects unloaded after import = 3
========================================================================
Received Import Request.
  Time since last request: 0.000024 seconds.
  path: Assets/CrossHairs/Crosshairs/Art/Textures/Crosshair_14.png
  artifactKey: Guid(1d1b964de9e4c50418b4d14cdf24d9ba) Importer(815301076,1909f56bfc062723c751e8b465ee728b)
Start importing Assets/CrossHairs/Crosshairs/Art/Textures/Crosshair_14.png using Guid(1d1b964de9e4c50418b4d14cdf24d9ba) Importer(815301076,1909f56bfc062723c751e8b465ee728b)  -> (artifact id: '3ed79174d7038681240ddd6258d3370e') in 0.011425 seconds
Number of updated asset objects reloaded before import = 0
Number of asset objects unloaded after import = 3
========================================================================
Received Import Request.
  Time since last request: 0.000018 seconds.
  path: Assets/CrossHairs/Crosshairs/Art/Textures/Crosshair_04.png
  artifactKey: Guid(b8e78032f8af0954784d1fe9e5a09187) Importer(815301076,1909f56bfc062723c751e8b465ee728b)
Start importing Assets/CrossHairs/Crosshairs/Art/Textures/Crosshair_04.png using Guid(b8e78032f8af0954784d1fe9e5a09187) Importer(815301076,1909f56bfc062723c751e8b465ee728b)  -> (artifact id: 'ea424af430c897174bec19b79690faa0') in 0.013076 seconds
Number of updated asset objects reloaded before import = 0
Number of asset objects unloaded after import = 3
========================================================================
Received Import Request.
  Time since last request: 0.000029 seconds.
  path: Assets/CrossHairs/Crosshairs/Art/Textures/Crosshair_10.png
  artifactKey: Guid(bfb6bd7e8471f5442bd8e524bdda3380) Importer(815301076,1909f56bfc062723c751e8b465ee728b)
Start importing Assets/CrossHairs/Crosshairs/Art/Textures/Crosshair_10.png using Guid(bfb6bd7e8471f5442bd8e524bdda3380) Importer(815301076,1909f56bfc062723c751e8b465ee728b)  -> (artifact id: 'ac739a245b4b07deb5073179fec176dc') in 0.019145 seconds
Number of updated asset objects reloaded before import = 0
Number of asset objects unloaded after import = 3
========================================================================
Received Import Request.
  Time since last request: 0.000037 seconds.
  path: Assets/CrossHairs/Crosshairs/Art/Textures/Crosshair_17.png
  artifactKey: Guid(c186448c466fad9478c38ce9c2f7b71b) Importer(815301076,1909f56bfc062723c751e8b465ee728b)
Start importing Assets/CrossHairs/Crosshairs/Art/Textures/Crosshair_17.png using Guid(c186448c466fad9478c38ce9c2f7b71b) Importer(815301076,1909f56bfc062723c751e8b465ee728b)  -> (artifact id: '51e18e267fd24cd2f44ed10edb8a8e93') in 0.016541 seconds
Number of updated asset objects reloaded before import = 0
Number of asset objects unloaded after import = 3
========================================================================
Received Import Request.
  Time since last request: 0.000018 seconds.
  path: Assets/CrossHairs/Crosshairs/Art/Textures/Crosshair_25.png
  artifactKey: Guid(dcd5aae0341bd0642858735fe7fdc429) Importer(815301076,1909f56bfc062723c751e8b465ee728b)
Start importing Assets/CrossHairs/Crosshairs/Art/Textures/Crosshair_25.png using Guid(dcd5aae0341bd0642858735fe7fdc429) Importer(815301076,1909f56bfc062723c751e8b465ee728b)  -> (artifact id: '582a6b814e5207f26eaaff1a02ce915f') in 0.014085 seconds
Number of updated asset objects reloaded before import = 0
Number of asset objects unloaded after import = 3
Editor requested this worker to shutdown with reason: Scaling down because of idle timeout
TcpMessagingSession - receive error: operation aborted. errorcode: 995, details: 스레드 종료 또는 응용 프로그램 요청 때문에 I/O 작업이 취소되었습니다.
AssetImportWorker is now disconnected from the server
Process exiting
Exiting without the bug reporter. Application will terminate with return code 0